<?xml version="1.0" encoding="UTF-8"?>
<!-- Generated by org.testng.reporters.JUnitXMLReporter -->
<testsuite hostname="HOME-PC" ignored="0" name="Default test(failed)(failed)" tests="1" failures="1" timestamp="27 Jun 2017 05:15:20 GMT" time="0.024" errors="0">
  <testcase name="test1" time="0.0" classname="script.Crossbrowser">
    <failure type="org.testng.TestNGException" message="
Parameter &amp;apos;Browser&amp;apos; is required by @Test on method test1 but has not been marked @Optional or defined
in D:\Time\Actitime\test-output\testng-failed.xml">
      <![CDATA[org.testng.TestNGException: 
Parameter 'Browser' is required by @Test on method test1 but has not been marked @Optional or defined
in D:\Time\Actitime\test-output\testng-failed.xml
... Removed 23 stack frames]]>
    </failure>
  </testcase> <!-- test1 -->
</testsuite> <!-- Default test(failed)(failed) -->
